{
  "uid" : "1460b09197a20e6a",
  "name" : "test_unlock",
  "fullName" : "main.TestTELock#test_unlock",
  "historyId" : "4a407f16630fc9d05504307f26b1c65b",
  "time" : {
    "start" : 1652969396233,
    "stop" : 1652969407361,
    "duration" : 11128
  },
  "status" : "passed",
  "flaky" : false,
  "newFailed" : false,
  "beforeStages" : [ {
    "name" : "setup",
    "time" : {
      "start" : 1652969333317,
      "stop" : 1652969370214,
      "duration" : 36897
    },
    "status" : "passed",
    "steps" : [ ],
    "attachments" : [ ],
    "parameters" : [ ],
    "hasContent" : false,
    "stepsCount" : 0,
    "shouldDisplayMessage" : false,
    "attachmentsCount" : 0
  } ],
  "testStage" : {
    "status" : "passed",
    "steps" : [ ],
    "attachments" : [ {
      "uid" : "1c39754f2834254c",
      "name" : "unlock page",
      "source" : "1c39754f2834254c.png",
      "type" : "image/png",
      "size" : 207046
    } ],
    "parameters" : [ ],
    "hasContent" : true,
    "stepsCount" : 0,
    "shouldDisplayMessage" : false,
    "attachmentsCount" : 1
  },
  "afterStages" : [ {
    "name" : "setup::0",
    "time" : {
      "start" : 1652969441841,
      "stop" : 1652969444107,
      "duration" : 2266
    },
    "status" : "passed",
    "steps" : [ ],
    "attachments" : [ ],
    "parameters" : [ ],
    "hasContent" : false,
    "stepsCount" : 0,
    "shouldDisplayMessage" : false,
    "attachmentsCount" : 0
  } ],
  "labels" : [ {
    "name" : "tag",
    "value" : "@pytest.mark.usefixtures('setup')"
  }, {
    "name" : "suite",
    "value" : "main"
  }, {
    "name" : "subSuite",
    "value" : "TestTELock"
  }, {
    "name" : "host",
    "value" : "Lenovo"
  }, {
    "name" : "thread",
    "value" : "11176-MainThread"
  }, {
    "name" : "framework",
    "value" : "pytest"
  }, {
    "name" : "language",
    "value" : "cpython3"
  }, {
    "name" : "package",
    "value" : "main"
  }, {
    "name" : "resultFormat",
    "value" : "allure2"
  } ],
  "parameters" : [ ],
  "links" : [ ],
  "hidden" : false,
  "retry" : false,
  "extra" : {
    "severity" : "normal",
    "retries" : [ {
      "uid" : "3ca43b31dbed2e5",
      "status" : "passed",
      "time" : {
        "start" : 1652968718757,
        "stop" : 1652968730100,
        "duration" : 11343
      }
    }, {
      "uid" : "e95f5e414c94fb18",
      "status" : "passed",
      "time" : {
        "start" : 1652968195042,
        "stop" : 1652968206416,
        "duration" : 11374
      }
    }, {
      "uid" : "53f7e356c9b72391",
      "status" : "passed",
      "time" : {
        "start" : 1652967328397,
        "stop" : 1652967340259,
        "duration" : 11862
      }
    }, {
      "uid" : "983aff88048d388c",
      "status" : "broken",
      "statusDetails" : "selenium.common.exceptions.NoSuchElementException: Message: An element could not be located on the page using the given search parameters.\nStacktrace:\nNoSuchElementError: An element could not be located on the page using the given search parameters.\n    at AndroidUiautomator2Driver.findElOrEls (C:\\Program Files\\Appium Server GUI\\resources\\app\\node_modules\\appium\\node_modules\\appium-android-driver\\lib\\commands\\find.js:75:11)\n    at processTicksAndRejections (internal/process/task_queues.js:85:5)",
      "time" : {
        "start" : 1652967206399,
        "stop" : 1652967207265,
        "duration" : 866
      }
    }, {
      "uid" : "504f222289a41580",
      "status" : "passed",
      "time" : {
        "start" : 1652797449034,
        "stop" : 1652797460968,
        "duration" : 11934
      }
    }, {
      "uid" : "be3b75ffbbc213d",
      "status" : "passed",
      "time" : {
        "start" : 1652797115677,
        "stop" : 1652797127511,
        "duration" : 11834
      }
    }, {
      "uid" : "87a1fdb3e9e08207",
      "status" : "passed",
      "time" : {
        "start" : 1652796357791,
        "stop" : 1652796369693,
        "duration" : 11902
      }
    }, {
      "uid" : "574cbc12147969b4",
      "status" : "passed",
      "time" : {
        "start" : 1652795992763,
        "stop" : 1652796004765,
        "duration" : 12002
      }
    }, {
      "uid" : "4702b56f88f4fa29",
      "status" : "passed",
      "time" : {
        "start" : 1652795350649,
        "stop" : 1652795362557,
        "duration" : 11908
      }
    }, {
      "uid" : "5e64e123d9205041",
      "status" : "passed",
      "time" : {
        "start" : 1652793795526,
        "stop" : 1652793807525,
        "duration" : 11999
      }
    }, {
      "uid" : "804eb0ff6093d585",
      "status" : "passed",
      "time" : {
        "start" : 1652793150738,
        "stop" : 1652793163060,
        "duration" : 12322
      }
    }, {
      "uid" : "24ccb98a7a5c95d3",
      "status" : "broken",
      "statusDetails" : "selenium.common.exceptions.WebDriverException: Message: An unknown server-side error occurred while processing the command. Original error: Could not find a connected Android device in 20343ms.\nStacktrace:\nUnknownError: An unknown server-side error occurred while processing the command. Original error: Could not find a connected Android device in 20343ms.\n    at getResponseForW3CError (C:\\Program Files\\Appium Server GUI\\resources\\app\\node_modules\\appium\\node_modules\\appium-base-driver\\lib\\protocol\\errors.js:804:9)\n    at asyncHandler (C:\\Program Files\\Appium Server GUI\\resources\\app\\node_modules\\appium\\node_modules\\appium-base-driver\\lib\\protocol\\protocol.js:380:37)",
      "time" : {
        "start" : 1652713447010,
        "stop" : 1652713447010,
        "duration" : 0
      }
    }, {
      "uid" : "563083906f53c37",
      "status" : "passed",
      "time" : {
        "start" : 1652713217697,
        "stop" : 1652713230745,
        "duration" : 13048
      }
    } ],
    "categories" : [ ],
    "tags" : [ "@pytest.mark.usefixtures('setup')" ]
  },
  "source" : "1460b09197a20e6a.json",
  "parameterValues" : [ ]
}